<?xml version="1.0" encoding="UTF-8"?>
<!-- Generated by org.testng.reporters.JUnitReportReporter -->
<testsuite hostname="aleks-VirtualBox" name="com.exemple.Teknikhogskolan._pass_aleks_Calculator.AdvancedCalculatorTest" tests="9" failures="0" timestamp="1 Apr 2021 22:43:29 GMT" time="0.071" errors="0">
  <testcase name="sinusTest" time="0.014" classname="com.exemple.Teknikhogskolan._pass_aleks_Calculator.AdvancedCalculatorTest"/>
  <testcase name="multyTest" time="0.003" classname="com.exemple.Teknikhogskolan._pass_aleks_Calculator.AdvancedCalculatorTest"/>
  <testcase name="resiedToThePowerOfTest" time="0.006" classname="com.exemple.Teknikhogskolan._pass_aleks_Calculator.AdvancedCalculatorTest"/>
  <testcase name="remainderTest" time="0.005" classname="com.exemple.Teknikhogskolan._pass_aleks_Calculator.AdvancedCalculatorTest"/>
  <testcase name="testSquare" time="0.004" classname="com.exemple.Teknikhogskolan._pass_aleks_Calculator.AdvancedCalculatorTest"/>
  <testcase name="inverseTest" time="0.018" classname="com.exemple.Teknikhogskolan._pass_aleks_Calculator.AdvancedCalculatorTest"/>
  <testcase name="devisonTest" time="0.007" classname="com.exemple.Teknikhogskolan._pass_aleks_Calculator.AdvancedCalculatorTest"/>
  <testcase name="addisonTest" time="0.005" classname="com.exemple.Teknikhogskolan._pass_aleks_Calculator.AdvancedCalculatorTest"/>
  <testcase name="subbtractTest" time="0.009" classname="com.exemple.Teknikhogskolan._pass_aleks_Calculator.AdvancedCalculatorTest"/>
</testsuite> <!-- com.exemple.Teknikhogskolan._pass_aleks_Calculator.AdvancedCalculatorTest -->
